2025-05-06 00:20:46,198 [INFO] Using GPUs: [0, 1, 2]
2025-05-06 00:20:46,198 [INFO] Using synthetic data as requested
2025-05-06 00:20:46,198 [INFO] Creating synthetic data with 100000 samples, 100 assets
2025-05-06 00:21:39,593 [INFO] Created synthetic historical data: (80000, 78)
2025-05-06 00:21:39,594 [INFO] Created synthetic latest data: (20000, 78)
2025-05-06 00:21:39,854 [INFO] Applying advanced feature engineering to historical data
2025-05-06 00:21:39,854 [INFO] Starting advanced feature engineering on dataframe of shape (80000, 78)
2025-05-06 00:21:39,867 [INFO] Starting with 72 base features
2025-05-06 00:21:39,868 [INFO] Creating price-based features
2025-05-06 00:21:39,868 [INFO] Creating asset-specific aggregation features
2025-05-06 00:21:43,007 [INFO] Creating polynomial features of degree 3
2025-05-06 00:21:43,103 [INFO] Creating interaction features between predictors
2025-05-06 00:21:43,122 [INFO] Creating time series features
2025-05-06 00:21:44,580 [INFO] Finalizing feature engineering
2025-05-06 00:21:44,689 [INFO] Feature engineering complete. Final shape: (80000, 201) with 195 features
2025-05-06 00:21:44,694 [INFO] Applying advanced feature engineering to latest data
2025-05-06 00:21:44,694 [INFO] Starting advanced feature engineering on dataframe of shape (20000, 78)
2025-05-06 00:21:44,697 [INFO] Starting with 72 base features
2025-05-06 00:21:44,697 [INFO] Creating price-based features
2025-05-06 00:21:44,697 [INFO] Creating asset-specific aggregation features
2025-05-06 00:21:45,261 [INFO] Creating polynomial features of degree 3
2025-05-06 00:21:45,294 [INFO] Creating interaction features between predictors
2025-05-06 00:21:45,305 [INFO] Creating time series features
2025-05-06 00:21:45,552 [INFO] Finalizing feature engineering
2025-05-06 00:21:45,572 [INFO] Feature engineering complete. Final shape: (20000, 201) with 195 features
2025-05-06 00:21:45,573 [INFO] Splitting historical data into train and validation sets
2025-05-06 00:21:45,632 [INFO] Train data: (64000, 201), Validation data: (16000, 201)
2025-05-06 00:21:45,682 [INFO] Selecting up to 300 best features from 195 total features
2025-05-06 00:21:45,682 [INFO] Already have 195 features which is <= 300, skipping selection
2025-05-06 00:21:45,732 [INFO] Selected 195 features
2025-05-06 00:21:45,732 [INFO] Starting hyperparameter optimization
2025-05-06 00:21:45,766 [INFO] Optimizing LightGBM hyperparameters
2025-05-06 00:21:45,785 [INFO] Training LightGBM model with 195 features
