2025-05-06 00:40:44,739 [INFO] Using GPU acceleration (GPU ID: 0, NVIDIA GeForce RTX 3090)
2025-05-06 00:40:44,739 [INFO] Loading Yiedl data...
2025-05-06 00:40:45,082 [INFO] Loaded Yiedl data: (10117, 3671)
2025-05-06 00:40:45,214 [WARNING] No target column found, creating synthetic target
2025-05-06 00:40:45,454 [INFO] Preparing data for modeling...
2025-05-06 00:40:45,996 [INFO] Limiting features from 3670 to 500
2025-05-06 00:40:47,623 [INFO] Selected 500 features
2025-05-06 00:40:47,837 [INFO] Training XGBoost model (GPU: True, GPU ID: 0)
2025-05-06 00:40:48,052 [ERROR] Error training XGBoost: [00:40:48] /workspace/src/data/data.cc:550: Check failed: valid: Label contains NaN, infinity or a value too large.
Stack trace:
  [bt] (0) /media/knight2/EDB/repos/Numer_crypto/venv/lib/python3.12/site-packages/xgboost/lib/libxgboost.so(+0x2a6acc) [0x78a91dea6acc]
  [bt] (1) /media/knight2/EDB/repos/Numer_crypto/venv/lib/python3.12/site-packages/xgboost/lib/libxgboost.so(+0x563216) [0x78a91e163216]
  [bt] (2) /media/knight2/EDB/repos/Numer_crypto/venv/lib/python3.12/site-packages/xgboost/lib/libxgboost.so(+0x564a00) [0x78a91e164a00]
  [bt] (3) /media/knight2/EDB/repos/Numer_crypto/venv/lib/python3.12/site-packages/xgboost/lib/libxgboost.so(XGDMatrixSetInfoFromInterface+0x10b) [0x78a91ddb3a5b]
  [bt] (4) /lib/x86_64-linux-gnu/libffi.so.8(+0x7b16) [0x78ad4dbb9b16]
  [bt] (5) /lib/x86_64-linux-gnu/libffi.so.8(+0x43ef) [0x78ad4dbb63ef]
  [bt] (6) /lib/x86_64-linux-gnu/libffi.so.8(ffi_call+0x12e) [0x78ad4dbb90be]
  [bt] (7) /usr/lib/python3.12/lib-dynload/_ctypes.cpython-312-x86_64-linux-gnu.so(+0xe11c) [0x78ad4e38d11c]
  [bt] (8) /usr/lib/python3.12/lib-dynload/_ctypes.cpython-312-x86_64-linux-gnu.so(+0x92af) [0x78ad4e3882af]


2025-05-06 00:40:48,052 [INFO] Training LightGBM model (GPU: True, GPU ID: 0)
2025-05-06 00:40:48,195 [ERROR] Error training LightGBM: train() got an unexpected keyword argument 'early_stopping_rounds'
2025-05-06 00:40:48,195 [ERROR] No predictions available for submission
2025-05-06 00:40:48,195 [INFO] Total runtime: 5.0s
