2025-05-06 00:26:34,063 [INFO] CUDA available: True
2025-05-06 00:26:34,088 [INFO] GPU count: 3
2025-05-06 00:26:34,091 [INFO] GPU 0: NVIDIA GeForce RTX 3090
2025-05-06 00:26:34,091 [INFO] GPU 1: NVIDIA GeForce RTX 3090
2025-05-06 00:26:34,091 [INFO] GPU 2: NVIDIA RTX A5000
2025-05-06 00:26:34,091 [INFO] Creating synthetic data with 20000 samples, 30 assets
2025-05-06 00:26:34,312 [INFO] Created synthetic historical data: (1440, 39)
2025-05-06 00:26:34,312 [INFO] Created synthetic latest data: (360, 39)
2025-05-06 00:26:34,314 [INFO] Engineering features for data of shape (1440, 39)
2025-05-06 00:26:34,314 [INFO] Creating interaction features
2025-05-06 00:26:34,316 [INFO] Feature engineering complete. Final shape: (1440, 43) with 38 features
2025-05-06 00:26:34,316 [INFO] Engineering features for data of shape (360, 39)
2025-05-06 00:26:34,316 [INFO] Creating interaction features
2025-05-06 00:26:34,318 [INFO] Feature engineering complete. Final shape: (360, 43) with 38 features
2025-05-06 00:26:34,318 [INFO] Splitting data into train and validation sets
2025-05-06 00:26:34,319 [INFO] Train data: (1152, 43), Validation data: (288, 43)
2025-05-06 00:26:34,407 [INFO] Training LightGBM model with 38 features
2025-05-06 00:26:34,407 [ERROR] Error with LightGBM: train() got an unexpected keyword argument 'verbose_eval'
2025-05-06 00:26:34,504 [INFO] Training XGBoost model with 38 features
2025-05-06 00:26:35,312 [INFO] TARGET ACHIEVED! xgboost - RMSE: 0.149590, MAE: 0.114974, R²: 0.046336
2025-05-06 00:26:35,319 [INFO] Saved submission to /media/knight2/EDB/repos/Numer_crypto/data/submissions/xgboost_submission.csv
2025-05-06 00:26:35,319 [INFO] Model training and evaluation complete!
